1652819884.531700 client started (28481): version 2.6, socket /tmp/tmux-1002/default, protocol 8
1652819884.531743 on Linux 4.15.0-176-generic #185-Ubuntu SMP Tue Mar 29 17:40:04 UTC 2022; libevent 2.1.8-stable (poll)
1652819884.531786 socket is /tmp/tmux-1002/default
1652819884.531805 trying connect
1652819884.531939 add peer 0x562974da32c0: 6 ((nil))
1652819884.532034 sending message 100 to peer 0x562974da32c0 (4 bytes)
1652819884.532051 sending message 101 to peer 0x562974da32c0 (15 bytes)
1652819884.532062 sending message 102 to peer 0x562974da32c0 (11 bytes)
1652819884.532072 sending message 108 to peer 0x562974da32c0 (22 bytes)
1652819884.532084 sending message 104 to peer 0x562974da32c0 (0 bytes)
1652819884.532096 sending message 107 to peer 0x562974da32c0 (4 bytes)
1652819884.532106 sending message 105 to peer 0x562974da32c0 (14 bytes)
1652819884.532116 sending message 105 to peer 0x562974da32c0 (1516 bytes)
1652819884.532139 sending message 105 to peer 0x562974da32c0 (54 bytes)
1652819884.532155 sending message 105 to peer 0x562974da32c0 (43 bytes)
1652819884.532165 sending message 105 to peer 0x562974da32c0 (55 bytes)
1652819884.532176 sending message 105 to peer 0x562974da32c0 (34 bytes)
1652819884.532187 sending message 105 to peer 0x562974da32c0 (17 bytes)
1652819884.532197 sending message 105 to peer 0x562974da32c0 (80 bytes)
1652819884.532207 sending message 105 to peer 0x562974da32c0 (20 bytes)
1652819884.532217 sending message 105 to peer 0x562974da32c0 (36 bytes)
1652819884.532227 sending message 105 to peer 0x562974da32c0 (31 bytes)
1652819884.532237 sending message 105 to peer 0x562974da32c0 (7 bytes)
1652819884.532248 sending message 105 to peer 0x562974da32c0 (21 bytes)
1652819884.532258 sending message 105 to peer 0x562974da32c0 (12 bytes)
1652819884.532268 sending message 105 to peer 0x562974da32c0 (26 bytes)
1652819884.532278 sending message 105 to peer 0x562974da32c0 (18 bytes)
1652819884.532289 sending message 105 to peer 0x562974da32c0 (51 bytes)
1652819884.532299 sending message 105 to peer 0x562974da32c0 (104 bytes)
1652819884.532309 sending message 105 to peer 0x562974da32c0 (102 bytes)
1652819884.532320 sending message 105 to peer 0x562974da32c0 (20 bytes)
1652819884.532330 sending message 105 to peer 0x562974da32c0 (36 bytes)
1652819884.532340 sending message 105 to peer 0x562974da32c0 (28 bytes)
1652819884.532351 sending message 105 to peer 0x562974da32c0 (26 bytes)
1652819884.532361 sending message 105 to peer 0x562974da32c0 (65 bytes)
1652819884.532371 sending message 105 to peer 0x562974da32c0 (11 bytes)
1652819884.532382 sending message 105 to peer 0x562974da32c0 (88 bytes)
1652819884.532392 sending message 105 to peer 0x562974da32c0 (30 bytes)
1652819884.532402 sending message 105 to peer 0x562974da32c0 (22 bytes)
1652819884.532413 sending message 105 to peer 0x562974da32c0 (133 bytes)
1652819884.532424 sending message 105 to peer 0x562974da32c0 (20 bytes)
1652819884.532439 sending message 105 to peer 0x562974da32c0 (16 bytes)
1652819884.532450 sending message 105 to peer 0x562974da32c0 (8 bytes)
1652819884.532460 sending message 105 to peer 0x562974da32c0 (64 bytes)
1652819884.532470 sending message 105 to peer 0x562974da32c0 (15 bytes)
1652819884.532480 sending message 105 to peer 0x562974da32c0 (54 bytes)
1652819884.532490 sending message 105 to peer 0x562974da32c0 (116 bytes)
1652819884.532500 sending message 105 to peer 0x562974da32c0 (31 bytes)
1652819884.532511 sending message 105 to peer 0x562974da32c0 (275 bytes)
1652819884.532521 sending message 105 to peer 0x562974da32c0 (23 bytes)
1652819884.532531 sending message 105 to peer 0x562974da32c0 (32 bytes)
1652819884.532541 sending message 105 to peer 0x562974da32c0 (16 bytes)
1652819884.532551 sending message 105 to peer 0x562974da32c0 (16 bytes)
1652819884.532560 sending message 106 to peer 0x562974da32c0 (0 bytes)
1652819884.532571 sending message 200 to peer 0x562974da32c0 (4 bytes)
1652819884.532581 client loop enter
1652819884.537783 peer 0x562974da32c0 message 207
1652819884.537832 sending message 208 to peer 0x562974da32c0 (0 bytes)
1652819889.852549 peer 0x562974da32c0 message 203
1652819889.852602 sending message 205 to peer 0x562974da32c0 (0 bytes)
1652819889.853523 peer 0x562974da32c0 message 204
1652819889.853563 client loop exit
